<?xml version="1.0" encoding="UTF-8"?>
<coverage generated="1590341618973" clover="4.4.1">
   <project name="bank 1.0" timestamp="0">
      <metrics coveredelements="0" complexity="106" loc="1244" methods="61" classes="21" statements="447" packages="4" coveredconditionals="0" coveredmethods="0" elements="560" ncloc="1040" files="21" conditionals="52" coveredstatements="0"/>
      <package name="jaxb">
         <metrics coveredelements="0" complexity="4" loc="53" methods="2" classes="1" statements="12" coveredconditionals="0" coveredmethods="0" elements="14" ncloc="29" files="1" conditionals="0" coveredstatements="0"/>
         <file path="C:\Users\Marco\Documents\szoftver_beadando\src\main\java\jaxb\JAXBHelper.java" name="JAXBHelper.java">
            <metrics coveredelements="0" coveredconditionals="0" complexity="4" loc="53" coveredmethods="0" methods="2" elements="14" classes="1" ncloc="29" statements="12" conditionals="0" coveredstatements="0"/>
            <class name="JAXBHelper">
               <metrics coveredelements="0" coveredconditionals="0" complexity="4" coveredmethods="0" methods="2" elements="14" statements="12" conditionals="0" coveredstatements="0"/>
            </class>
            <line complexity="2" visibility="public" signature="toXML(Object,OutputStream) : void" num="23" count="0" type="method"/>
            <line num="24" count="0" type="stmt"/>
            <line num="25" count="0" type="stmt"/>
            <line num="26" count="0" type="stmt"/>
            <line num="27" count="0" type="stmt"/>
            <line num="28" count="0" type="stmt"/>
            <line num="29" count="0" type="stmt"/>
            <line num="31" count="0" type="stmt"/>
            <line complexity="2" visibility="public" signature="fromXML(Class&lt;T&gt;,InputStream) : T" num="43" count="0" type="method"/>
            <line num="44" count="0" type="stmt"/>
            <line num="45" count="0" type="stmt"/>
            <line num="46" count="0" type="stmt"/>
            <line num="47" count="0" type="stmt"/>
            <line num="49" count="0" type="stmt"/>
         </file>
      </package>
      <package name="controller">
         <metrics coveredelements="0" complexity="84" loc="930" methods="44" classes="12" statements="404" coveredconditionals="0" coveredmethods="0" elements="494" ncloc="839" files="12" conditionals="46" coveredstatements="0"/>
         <file path="C:\Users\Marco\Documents\szoftver_beadando\src\main\java\controller\AtutalasController.java" name="AtutalasController.java">
            <metrics coveredelements="0" coveredconditionals="0" complexity="8" loc="85" coveredmethods="0" methods="4" elements="48" classes="1" ncloc="80" statements="38" conditionals="6" coveredstatements="0"/>
            <class name="AtutalasController">
               <metrics coveredelements="0" coveredconditionals="0" complexity="8" coveredmethods="0" methods="4" elements="48" statements="38" conditionals="6" coveredstatements="0"/>
            </class>
            <line complexity="1" visibility="public" signature="initUser(User) : void" num="28" count="0" type="method"/>
            <line num="29" count="0" type="stmt"/>
            <line complexity="1" visibility="public" signature="megse(ActionEvent) : void" num="32" count="0" type="method"/>
            <line num="33" count="0" type="stmt"/>
            <line num="34" count="0" type="stmt"/>
            <line num="35" count="0" type="stmt"/>
            <line num="36" count="0" type="stmt"/>
            <line num="37" count="0" type="stmt"/>
            <line num="38" count="0" type="stmt"/>
            <line num="39" count="0" type="stmt"/>
            <line complexity="3" visibility="public" signature="atutalas(ActionEvent) : void" num="45" count="0" type="method"/>
            <line num="46" count="0" type="stmt"/>
            <line falsecount="0" truecount="0" num="46" type="cond"/>
            <line num="47" count="0" type="stmt"/>
            <line num="48" count="0" type="stmt"/>
            <line num="49" count="0" type="stmt"/>
            <line num="50" count="0" type="stmt"/>
            <line num="51" count="0" type="stmt"/>
            <line num="53" count="0" type="stmt"/>
            <line num="54" count="0" type="stmt"/>
            <line num="55" count="0" type="stmt"/>
            <line num="56" count="0" type="stmt"/>
            <line num="57" count="0" type="stmt"/>
            <line num="58" count="0" type="stmt"/>
            <line num="59" count="0" type="stmt"/>
            <line num="60" count="0" type="stmt"/>
            <line complexity="3" visibility="private" signature="atutalas_(String,String,int) : boolean" num="64" count="0" type="method"/>
            <line num="65" count="0" type="stmt"/>
            <line num="66" count="0" type="stmt"/>
            <line num="67" count="0" type="stmt"/>
            <line num="68" count="0" type="stmt"/>
            <line num="69" count="0" type="stmt"/>
            <line num="71" count="0" type="stmt"/>
            <line falsecount="0" truecount="0" num="71" type="cond"/>
            <line num="72" count="0" type="stmt"/>
            <line num="73" count="0" type="stmt"/>
            <line num="74" count="0" type="stmt"/>
            <line num="75" count="0" type="stmt"/>
            <line num="76" count="0" type="stmt"/>
            <line falsecount="0" truecount="0" num="76" type="cond"/>
            <line num="77" count="0" type="stmt"/>
            <line num="78" count="0" type="stmt"/>
            <line num="79" count="0" type="stmt"/>
            <line num="80" count="0" type="stmt"/>
            <line num="83" count="0" type="stmt"/>
         </file>
         <file path="C:\Users\Marco\Documents\szoftver_beadando\src\main\java\controller\BalanceController.java" name="BalanceController.java">
            <metrics coveredelements="0" coveredconditionals="0" complexity="6" loc="62" coveredmethods="0" methods="5" elements="25" classes="1" ncloc="57" statements="18" conditionals="2" coveredstatements="0"/>
            <class name="BalanceController">
               <metrics coveredelements="0" coveredconditionals="0" complexity="6" coveredmethods="0" methods="5" elements="25" statements="18" conditionals="2" coveredstatements="0"/>
            </class>
            <line complexity="1" visibility="public" signature="initUser(User) : void" num="27" count="0" type="method"/>
            <line num="28" count="0" type="stmt"/>
            <line complexity="1" visibility="public" signature="setLabel() : void" num="33" count="0" type="method"/>
            <line num="34" count="0" type="stmt"/>
            <line complexity="2" visibility="private" signature="getBalance() : String" num="36" count="0" type="method"/>
            <line num="37" count="0" type="stmt"/>
            <line num="38" count="0" type="stmt"/>
            <line num="39" count="0" type="stmt"/>
            <line num="40" count="0" type="stmt"/>
            <line num="41" count="0" type="stmt"/>
            <line num="42" count="0" type="stmt"/>
            <line num="44" count="0" type="stmt"/>
            <line falsecount="0" truecount="0" num="44" type="cond"/>
            <line num="45" count="0" type="stmt"/>
            <line num="48" count="0" type="stmt"/>
            <line complexity="1" visibility="public" signature="megse(ActionEvent) : void" num="50" count="0" type="method"/>
            <line num="51" count="0" type="stmt"/>
            <line num="52" count="0" type="stmt"/>
            <line num="53" count="0" type="stmt"/>
            <line num="54" count="0" type="stmt"/>
            <line num="55" count="0" type="stmt"/>
            <line num="56" count="0" type="stmt"/>
            <line complexity="1" visibility="public" signature="BalanceController()" num="59" count="0" type="method"/>
            <line num="60" count="0" type="stmt"/>
         </file>
         <file path="C:\Users\Marco\Documents\szoftver_beadando\src\main\java\controller\BefizetesController.java" name="BefizetesController.java">
            <metrics coveredelements="0" coveredconditionals="0" complexity="6" loc="88" coveredmethods="0" methods="4" elements="43" classes="1" ncloc="80" statements="35" conditionals="4" coveredstatements="0"/>
            <class name="BefizetesController">
               <metrics coveredelements="0" coveredconditionals="0" complexity="6" coveredmethods="0" methods="4" elements="43" statements="35" conditionals="4" coveredstatements="0"/>
            </class>
            <line complexity="1" visibility="public" signature="initUser(User) : void" num="29" count="0" type="method"/>
            <line num="30" count="0" type="stmt"/>
            <line complexity="2" visibility="public" signature="befizetes(ActionEvent) : void" num="38" count="0" type="method"/>
            <line num="39" count="0" type="stmt"/>
            <line falsecount="0" truecount="0" num="39" type="cond"/>
            <line num="40" count="0" type="stmt"/>
            <line num="41" count="0" type="stmt"/>
            <line num="42" count="0" type="stmt"/>
            <line num="43" count="0" type="stmt"/>
            <line num="44" count="0" type="stmt"/>
            <line num="45" count="0" type="stmt"/>
            <line num="47" count="0" type="stmt"/>
            <line num="48" count="0" type="stmt"/>
            <line num="49" count="0" type="stmt"/>
            <line num="51" count="0" type="stmt"/>
            <line num="52" count="0" type="stmt"/>
            <line num="53" count="0" type="stmt"/>
            <line num="54" count="0" type="stmt"/>
            <line num="55" count="0" type="stmt"/>
            <line num="56" count="0" type="stmt"/>
            <line complexity="2" visibility="public" signature="befizetes_(int,String) : boolean" num="60" count="0" type="method"/>
            <line num="61" count="0" type="stmt"/>
            <line num="62" count="0" type="stmt"/>
            <line num="63" count="0" type="stmt"/>
            <line num="64" count="0" type="stmt"/>
            <line num="66" count="0" type="stmt"/>
            <line num="68" count="0" type="stmt"/>
            <line falsecount="0" truecount="0" num="68" type="cond"/>
            <line num="69" count="0" type="stmt"/>
            <line num="70" count="0" type="stmt"/>
            <line num="71" count="0" type="stmt"/>
            <line num="72" count="0" type="stmt"/>
            <line num="73" count="0" type="stmt"/>
            <line num="77" count="0" type="stmt"/>
            <line complexity="1" visibility="public" signature="megse(ActionEvent) : void" num="80" count="0" type="method"/>
            <line num="81" count="0" type="stmt"/>
            <line num="82" count="0" type="stmt"/>
            <line num="83" count="0" type="stmt"/>
            <line num="84" count="0" type="stmt"/>
            <line num="85" count="0" type="stmt"/>
            <line num="86" count="0" type="stmt"/>
         </file>
         <file path="C:\Users\Marco\Documents\szoftver_beadando\src\main\java\controller\KivetelController.java" name="KivetelController.java">
            <metrics coveredelements="0" coveredconditionals="0" complexity="6" loc="82" coveredmethods="0" methods="4" elements="43" classes="1" ncloc="75" statements="35" conditionals="4" coveredstatements="0"/>
            <class name="KivetelController">
               <metrics coveredelements="0" coveredconditionals="0" complexity="6" coveredmethods="0" methods="4" elements="43" statements="35" conditionals="4" coveredstatements="0"/>
            </class>
            <line complexity="1" visibility="public" signature="initUser(User) : void" num="28" count="0" type="method"/>
            <line num="29" count="0" type="stmt"/>
            <line complexity="1" visibility="public" signature="megse(ActionEvent) : void" num="32" count="0" type="method"/>
            <line num="33" count="0" type="stmt"/>
            <line num="34" count="0" type="stmt"/>
            <line num="35" count="0" type="stmt"/>
            <line num="36" count="0" type="stmt"/>
            <line num="37" count="0" type="stmt"/>
            <line num="38" count="0" type="stmt"/>
            <line complexity="2" visibility="public" signature="kivetel(ActionEvent) : void" num="42" count="0" type="method"/>
            <line num="43" count="0" type="stmt"/>
            <line falsecount="0" truecount="0" num="43" type="cond"/>
            <line num="44" count="0" type="stmt"/>
            <line num="45" count="0" type="stmt"/>
            <line num="46" count="0" type="stmt"/>
            <line num="47" count="0" type="stmt"/>
            <line num="48" count="0" type="stmt"/>
            <line num="49" count="0" type="stmt"/>
            <line num="51" count="0" type="stmt"/>
            <line num="52" count="0" type="stmt"/>
            <line num="53" count="0" type="stmt"/>
            <line num="54" count="0" type="stmt"/>
            <line num="55" count="0" type="stmt"/>
            <line num="56" count="0" type="stmt"/>
            <line num="57" count="0" type="stmt"/>
            <line num="58" count="0" type="stmt"/>
            <line num="59" count="0" type="stmt"/>
            <line complexity="2" visibility="public" signature="kivetel_(int,String) : boolean" num="63" count="0" type="method"/>
            <line num="64" count="0" type="stmt"/>
            <line num="65" count="0" type="stmt"/>
            <line num="66" count="0" type="stmt"/>
            <line num="67" count="0" type="stmt"/>
            <line num="69" count="0" type="stmt"/>
            <line num="71" count="0" type="stmt"/>
            <line falsecount="0" truecount="0" num="71" type="cond"/>
            <line num="72" count="0" type="stmt"/>
            <line num="73" count="0" type="stmt"/>
            <line num="74" count="0" type="stmt"/>
            <line num="75" count="0" type="stmt"/>
            <line num="76" count="0" type="stmt"/>
            <line num="80" count="0" type="stmt"/>
         </file>
         <file path="C:\Users\Marco\Documents\szoftver_beadando\src\main\java\controller\LocalDateAdapter.java" name="LocalDateAdapter.java">
            <metrics coveredelements="0" coveredconditionals="0" complexity="2" loc="14" coveredmethods="0" methods="2" elements="4" classes="1" ncloc="11" statements="2" conditionals="0" coveredstatements="0"/>
            <class name="LocalDateAdapter">
               <metrics coveredelements="0" coveredconditionals="0" complexity="2" coveredmethods="0" methods="2" elements="4" statements="2" conditionals="0" coveredstatements="0"/>
            </class>
            <line complexity="1" visibility="public" signature="unmarshal(String) : LocalDate" num="7" count="0" type="method"/>
            <line num="8" count="0" type="stmt"/>
            <line complexity="1" visibility="public" signature="marshal(LocalDate) : String" num="11" count="0" type="method"/>
            <line num="12" count="0" type="stmt"/>
         </file>
         <file path="C:\Users\Marco\Documents\szoftver_beadando\src\main\java\controller\MainController.java" name="MainController.java">
            <metrics coveredelements="0" coveredconditionals="0" complexity="2" loc="46" coveredmethods="0" methods="2" elements="20" classes="1" ncloc="38" statements="18" conditionals="0" coveredstatements="0"/>
            <class name="MainController">
               <metrics coveredelements="0" coveredconditionals="0" complexity="2" coveredmethods="0" methods="2" elements="20" statements="18" conditionals="0" coveredstatements="0"/>
            </class>
            <line complexity="1" visibility="public" signature="worker_select(ActionEvent) : void" num="21" count="0" type="method"/>
            <line num="23" count="0" type="stmt"/>
            <line num="24" count="0" type="stmt"/>
            <line num="25" count="0" type="stmt"/>
            <line num="26" count="0" type="stmt"/>
            <line num="27" count="0" type="stmt"/>
            <line num="28" count="0" type="stmt"/>
            <line num="29" count="0" type="stmt"/>
            <line num="30" count="0" type="stmt"/>
            <line num="31" count="0" type="stmt"/>
            <line complexity="1" visibility="public" signature="user_select(ActionEvent) : void" num="34" count="0" type="method"/>
            <line num="36" count="0" type="stmt"/>
            <line num="37" count="0" type="stmt"/>
            <line num="38" count="0" type="stmt"/>
            <line num="39" count="0" type="stmt"/>
            <line num="40" count="0" type="stmt"/>
            <line num="41" count="0" type="stmt"/>
            <line num="42" count="0" type="stmt"/>
            <line num="43" count="0" type="stmt"/>
            <line num="44" count="0" type="stmt"/>
         </file>
         <file path="C:\Users\Marco\Documents\szoftver_beadando\src\main\java\controller\RegistrationController.java" name="RegistrationController.java">
            <metrics coveredelements="0" coveredconditionals="0" complexity="18" loc="143" coveredmethods="0" methods="2" elements="87" classes="1" ncloc="131" statements="77" conditionals="8" coveredstatements="0"/>
            <class name="RegistrationController">
               <metrics coveredelements="0" coveredconditionals="0" complexity="18" coveredmethods="0" methods="2" elements="87" statements="77" conditionals="8" coveredstatements="0"/>
            </class>
            <line complexity="1" visibility="public" signature="back_to_main(ActionEvent) : void" num="31" count="0" type="method"/>
            <line num="32" count="0" type="stmt"/>
            <line num="33" count="0" type="stmt"/>
            <line num="34" count="0" type="stmt"/>
            <line num="35" count="0" type="stmt"/>
            <line num="36" count="0" type="stmt"/>
            <line num="37" count="0" type="stmt"/>
            <line num="38" count="0" type="stmt"/>
            <line num="39" count="0" type="stmt"/>
            <line num="40" count="0" type="stmt"/>
            <line complexity="17" visibility="public" signature="registration(ActionEvent) : void" num="58" count="0" type="method"/>
            <line num="59" count="0" type="stmt"/>
            <line falsecount="0" truecount="0" num="59" type="cond"/>
            <line num="63" count="0" type="stmt"/>
            <line num="64" count="0" type="stmt"/>
            <line num="65" count="0" type="stmt"/>
            <line num="66" count="0" type="stmt"/>
            <line num="67" count="0" type="stmt"/>
            <line num="68" count="0" type="stmt"/>
            <line num="69" count="0" type="stmt"/>
            <line falsecount="0" truecount="0" num="69" type="cond"/>
            <line num="70" count="0" type="stmt"/>
            <line num="71" count="0" type="stmt"/>
            <line num="72" count="0" type="stmt"/>
            <line num="73" count="0" type="stmt"/>
            <line num="74" count="0" type="stmt"/>
            <line num="75" count="0" type="stmt"/>
            <line num="77" count="0" type="stmt"/>
            <line falsecount="0" truecount="0" num="77" type="cond"/>
            <line num="78" count="0" type="stmt"/>
            <line num="79" count="0" type="stmt"/>
            <line num="80" count="0" type="stmt"/>
            <line num="81" count="0" type="stmt"/>
            <line num="82" count="0" type="stmt"/>
            <line num="83" count="0" type="stmt"/>
            <line num="85" count="0" type="stmt"/>
            <line falsecount="0" truecount="0" num="85" type="cond"/>
            <line num="86" count="0" type="stmt"/>
            <line num="87" count="0" type="stmt"/>
            <line num="88" count="0" type="stmt"/>
            <line num="89" count="0" type="stmt"/>
            <line num="90" count="0" type="stmt"/>
            <line num="91" count="0" type="stmt"/>
            <line num="93" count="0" type="stmt"/>
            <line num="94" count="0" type="stmt"/>
            <line num="95" count="0" type="stmt"/>
            <line num="96" count="0" type="stmt"/>
            <line num="97" count="0" type="stmt"/>
            <line num="98" count="0" type="stmt"/>
            <line num="99" count="0" type="stmt"/>
            <line num="100" count="0" type="stmt"/>
            <line num="101" count="0" type="stmt"/>
            <line num="103" count="0" type="stmt"/>
            <line num="104" count="0" type="stmt"/>
            <line num="105" count="0" type="stmt"/>
            <line num="107" count="0" type="stmt"/>
            <line num="108" count="0" type="stmt"/>
            <line num="109" count="0" type="stmt"/>
            <line num="111" count="0" type="stmt"/>
            <line num="112" count="0" type="stmt"/>
            <line num="114" count="0" type="stmt"/>
            <line num="115" count="0" type="stmt"/>
            <line num="116" count="0" type="stmt"/>
            <line num="117" count="0" type="stmt"/>
            <line num="118" count="0" type="stmt"/>
            <line num="119" count="0" type="stmt"/>
            <line num="120" count="0" type="stmt"/>
            <line num="121" count="0" type="stmt"/>
            <line num="122" count="0" type="stmt"/>
            <line num="124" count="0" type="stmt"/>
            <line num="125" count="0" type="stmt"/>
            <line num="126" count="0" type="stmt"/>
            <line num="128" count="0" type="stmt"/>
            <line num="129" count="0" type="stmt"/>
            <line num="130" count="0" type="stmt"/>
            <line num="133" count="0" type="stmt"/>
            <line num="134" count="0" type="stmt"/>
            <line num="135" count="0" type="stmt"/>
            <line num="136" count="0" type="stmt"/>
            <line num="137" count="0" type="stmt"/>
            <line num="138" count="0" type="stmt"/>
            <line num="139" count="0" type="stmt"/>
            <line num="140" count="0" type="stmt"/>
         </file>
         <file path="C:\Users\Marco\Documents\szoftver_beadando\src\main\java\controller\UserController.java" name="UserController.java">
            <metrics coveredelements="0" coveredconditionals="0" complexity="12" loc="132" coveredmethods="0" methods="5" elements="81" classes="1" ncloc="120" statements="66" conditionals="10" coveredstatements="0"/>
            <class name="UserController">
               <metrics coveredelements="0" coveredconditionals="0" complexity="12" coveredmethods="0" methods="5" elements="81" statements="66" conditionals="10" coveredstatements="0"/>
            </class>
            <line complexity="1" visibility="public" signature="back_to_main(ActionEvent) : void" num="31" count="0" type="method"/>
            <line num="32" count="0" type="stmt"/>
            <line num="33" count="0" type="stmt"/>
            <line num="34" count="0" type="stmt"/>
            <line num="35" count="0" type="stmt"/>
            <line num="36" count="0" type="stmt"/>
            <line num="37" count="0" type="stmt"/>
            <line num="38" count="0" type="stmt"/>
            <line num="39" count="0" type="stmt"/>
            <line num="40" count="0" type="stmt"/>
            <line complexity="1" visibility="public" signature="registration(ActionEvent) : void" num="43" count="0" type="method"/>
            <line num="44" count="0" type="stmt"/>
            <line num="45" count="0" type="stmt"/>
            <line num="46" count="0" type="stmt"/>
            <line num="47" count="0" type="stmt"/>
            <line num="48" count="0" type="stmt"/>
            <line num="49" count="0" type="stmt"/>
            <line num="50" count="0" type="stmt"/>
            <line num="51" count="0" type="stmt"/>
            <line num="52" count="0" type="stmt"/>
            <line complexity="5" visibility="public" signature="bejelentkezes(ActionEvent) : void" num="58" count="0" type="method"/>
            <line num="59" count="0" type="stmt"/>
            <line falsecount="0" truecount="0" num="59" type="cond"/>
            <line num="60" count="0" type="stmt"/>
            <line num="61" count="0" type="stmt"/>
            <line num="62" count="0" type="stmt"/>
            <line num="63" count="0" type="stmt"/>
            <line num="64" count="0" type="stmt"/>
            <line num="65" count="0" type="stmt"/>
            <line num="67" count="0" type="stmt"/>
            <line num="68" count="0" type="stmt"/>
            <line num="69" count="0" type="stmt"/>
            <line falsecount="0" truecount="0" num="69" type="cond"/>
            <line num="70" count="0" type="stmt"/>
            <line num="71" count="0" type="stmt"/>
            <line num="72" count="0" type="stmt"/>
            <line falsecount="0" truecount="0" num="72" type="cond"/>
            <line num="73" count="0" type="stmt"/>
            <line num="74" count="0" type="stmt"/>
            <line num="75" count="0" type="stmt"/>
            <line num="76" count="0" type="stmt"/>
            <line num="77" count="0" type="stmt"/>
            <line num="84" count="0" type="stmt"/>
            <line num="85" count="0" type="stmt"/>
            <line num="86" count="0" type="stmt"/>
            <line num="87" count="0" type="stmt"/>
            <line num="88" count="0" type="stmt"/>
            <line num="89" count="0" type="stmt"/>
            <line num="90" count="0" type="stmt"/>
            <line num="93" count="0" type="stmt"/>
            <line num="94" count="0" type="stmt"/>
            <line num="95" count="0" type="stmt"/>
            <line num="96" count="0" type="stmt"/>
            <line num="97" count="0" type="stmt"/>
            <line complexity="3" visibility="private" signature="login(String,String) : boolean" num="102" count="0" type="method"/>
            <line num="103" count="0" type="stmt"/>
            <line num="104" count="0" type="stmt"/>
            <line num="105" count="0" type="stmt"/>
            <line num="106" count="0" type="stmt"/>
            <line num="107" count="0" type="stmt"/>
            <line num="109" count="0" type="stmt"/>
            <line falsecount="0" truecount="0" num="109" type="cond"/>
            <line num="110" count="0" type="stmt"/>
            <line num="113" count="0" type="stmt"/>
            <line complexity="2" visibility="private" signature="LoggedInUser(String) : User" num="116" count="0" type="method"/>
            <line num="117" count="0" type="stmt"/>
            <line num="118" count="0" type="stmt"/>
            <line num="119" count="0" type="stmt"/>
            <line num="120" count="0" type="stmt"/>
            <line num="121" count="0" type="stmt"/>
            <line num="123" count="0" type="stmt"/>
            <line num="125" count="0" type="stmt"/>
            <line falsecount="0" truecount="0" num="125" type="cond"/>
            <line num="126" count="0" type="stmt"/>
            <line num="127" count="0" type="stmt"/>
            <line num="130" count="0" type="stmt"/>
         </file>
         <file path="C:\Users\Marco\Documents\szoftver_beadando\src\main\java\controller\UserLoggedInController.java" name="UserLoggedInController.java">
            <metrics coveredelements="0" coveredconditionals="0" complexity="6" loc="73" coveredmethods="0" methods="6" elements="42" classes="1" ncloc="65" statements="36" conditionals="0" coveredstatements="0"/>
            <class name="UserLoggedInController">
               <metrics coveredelements="0" coveredconditionals="0" complexity="6" coveredmethods="0" methods="6" elements="42" statements="36" conditionals="0" coveredstatements="0"/>
            </class>
            <line complexity="1" visibility="public" signature="setLoggedin(User) : void" num="17" count="0" type="method"/>
            <line num="18" count="0" type="stmt"/>
            <line complexity="1" visibility="public" signature="penzbefizetes(ActionEvent) : void" num="23" count="0" type="method"/>
            <line num="24" count="0" type="stmt"/>
            <line num="25" count="0" type="stmt"/>
            <line num="26" count="0" type="stmt"/>
            <line num="27" count="0" type="stmt"/>
            <line num="28" count="0" type="stmt"/>
            <line num="29" count="0" type="stmt"/>
            <line num="30" count="0" type="stmt"/>
            <line complexity="1" visibility="public" signature="penzkivetel(ActionEvent) : void" num="33" count="0" type="method"/>
            <line num="34" count="0" type="stmt"/>
            <line num="35" count="0" type="stmt"/>
            <line num="36" count="0" type="stmt"/>
            <line num="37" count="0" type="stmt"/>
            <line num="38" count="0" type="stmt"/>
            <line num="39" count="0" type="stmt"/>
            <line num="40" count="0" type="stmt"/>
            <line complexity="1" visibility="public" signature="egyenleg(ActionEvent) : void" num="43" count="0" type="method"/>
            <line num="44" count="0" type="stmt"/>
            <line num="45" count="0" type="stmt"/>
            <line num="46" count="0" type="stmt"/>
            <line num="47" count="0" type="stmt"/>
            <line num="48" count="0" type="stmt"/>
            <line num="49" count="0" type="stmt"/>
            <line num="50" count="0" type="stmt"/>
            <line complexity="1" visibility="public" signature="atutalas(ActionEvent) : void" num="53" count="0" type="method"/>
            <line num="54" count="0" type="stmt"/>
            <line num="55" count="0" type="stmt"/>
            <line num="56" count="0" type="stmt"/>
            <line num="57" count="0" type="stmt"/>
            <line num="58" count="0" type="stmt"/>
            <line num="59" count="0" type="stmt"/>
            <line num="60" count="0" type="stmt"/>
            <line complexity="1" visibility="public" signature="uzenetek(ActionEvent) : void" num="63" count="0" type="method"/>
            <line num="64" count="0" type="stmt"/>
            <line num="65" count="0" type="stmt"/>
            <line num="66" count="0" type="stmt"/>
            <line num="67" count="0" type="stmt"/>
            <line num="68" count="0" type="stmt"/>
            <line num="69" count="0" type="stmt"/>
            <line num="70" count="0" type="stmt"/>
         </file>
         <file path="C:\Users\Marco\Documents\szoftver_beadando\src\main\java\controller\UserMessageController.java" name="UserMessageController.java">
            <metrics coveredelements="0" coveredconditionals="0" complexity="2" loc="29" coveredmethods="0" methods="2" elements="10" classes="1" ncloc="26" statements="8" conditionals="0" coveredstatements="0"/>
            <class name="UserMessageController">
               <metrics coveredelements="0" coveredconditionals="0" complexity="2" coveredmethods="0" methods="2" elements="10" statements="8" conditionals="0" coveredstatements="0"/>
            </class>
            <line complexity="1" visibility="public" signature="initUser(User) : void" num="17" count="0" type="method"/>
            <line num="18" count="0" type="stmt"/>
            <line complexity="1" visibility="public" signature="back(ActionEvent) : void" num="20" count="0" type="method"/>
            <line num="21" count="0" type="stmt"/>
            <line num="22" count="0" type="stmt"/>
            <line num="23" count="0" type="stmt"/>
            <line num="24" count="0" type="stmt"/>
            <line num="25" count="0" type="stmt"/>
            <line num="26" count="0" type="stmt"/>
            <line num="27" count="0" type="stmt"/>
         </file>
         <file path="C:\Users\Marco\Documents\szoftver_beadando\src\main\java\controller\WorkerController.java" name="WorkerController.java">
            <metrics coveredelements="0" coveredconditionals="0" complexity="11" loc="120" coveredmethods="0" methods="4" elements="72" classes="1" ncloc="112" statements="58" conditionals="10" coveredstatements="0"/>
            <class name="WorkerController">
               <metrics coveredelements="0" coveredconditionals="0" complexity="11" coveredmethods="0" methods="4" elements="72" statements="58" conditionals="10" coveredstatements="0"/>
            </class>
            <line complexity="1" visibility="public" signature="back_to_main(ActionEvent) : void" num="32" count="0" type="method"/>
            <line num="33" count="0" type="stmt"/>
            <line num="34" count="0" type="stmt"/>
            <line num="35" count="0" type="stmt"/>
            <line num="36" count="0" type="stmt"/>
            <line num="37" count="0" type="stmt"/>
            <line num="38" count="0" type="stmt"/>
            <line num="39" count="0" type="stmt"/>
            <line num="40" count="0" type="stmt"/>
            <line num="41" count="0" type="stmt"/>
            <line complexity="5" visibility="public" signature="bejelentkezes(ActionEvent) : void" num="48" count="0" type="method"/>
            <line num="49" count="0" type="stmt"/>
            <line falsecount="0" truecount="0" num="49" type="cond"/>
            <line num="50" count="0" type="stmt"/>
            <line num="51" count="0" type="stmt"/>
            <line num="52" count="0" type="stmt"/>
            <line num="53" count="0" type="stmt"/>
            <line num="54" count="0" type="stmt"/>
            <line num="55" count="0" type="stmt"/>
            <line num="57" count="0" type="stmt"/>
            <line num="58" count="0" type="stmt"/>
            <line num="59" count="0" type="stmt"/>
            <line falsecount="0" truecount="0" num="59" type="cond"/>
            <line num="60" count="0" type="stmt"/>
            <line num="61" count="0" type="stmt"/>
            <line num="62" count="0" type="stmt"/>
            <line falsecount="0" truecount="0" num="62" type="cond"/>
            <line num="63" count="0" type="stmt"/>
            <line num="64" count="0" type="stmt"/>
            <line num="65" count="0" type="stmt"/>
            <line num="66" count="0" type="stmt"/>
            <line num="67" count="0" type="stmt"/>
            <line num="72" count="0" type="stmt"/>
            <line num="73" count="0" type="stmt"/>
            <line num="74" count="0" type="stmt"/>
            <line num="75" count="0" type="stmt"/>
            <line num="76" count="0" type="stmt"/>
            <line num="77" count="0" type="stmt"/>
            <line num="78" count="0" type="stmt"/>
            <line num="79" count="0" type="stmt"/>
            <line num="82" count="0" type="stmt"/>
            <line num="83" count="0" type="stmt"/>
            <line num="84" count="0" type="stmt"/>
            <line num="85" count="0" type="stmt"/>
            <line num="86" count="0" type="stmt"/>
            <line complexity="3" visibility="private" signature="login(String,String) : boolean" num="90" count="0" type="method"/>
            <line num="91" count="0" type="stmt"/>
            <line num="92" count="0" type="stmt"/>
            <line num="93" count="0" type="stmt"/>
            <line num="94" count="0" type="stmt"/>
            <line num="96" count="0" type="stmt"/>
            <line num="98" count="0" type="stmt"/>
            <line falsecount="0" truecount="0" num="98" type="cond"/>
            <line num="99" count="0" type="stmt"/>
            <line num="102" count="0" type="stmt"/>
            <line complexity="2" visibility="private" signature="LoggedInWorker(String) : Worker" num="104" count="0" type="method"/>
            <line num="105" count="0" type="stmt"/>
            <line num="106" count="0" type="stmt"/>
            <line num="107" count="0" type="stmt"/>
            <line num="108" count="0" type="stmt"/>
            <line num="109" count="0" type="stmt"/>
            <line num="111" count="0" type="stmt"/>
            <line num="113" count="0" type="stmt"/>
            <line falsecount="0" truecount="0" num="113" type="cond"/>
            <line num="114" count="0" type="stmt"/>
            <line num="115" count="0" type="stmt"/>
            <line num="118" count="0" type="stmt"/>
         </file>
         <file path="C:\Users\Marco\Documents\szoftver_beadando\src\main\java\controller\WorkerLoggedInController.java" name="WorkerLoggedInController.java">
            <metrics coveredelements="0" coveredconditionals="0" complexity="5" loc="56" coveredmethods="0" methods="4" elements="19" classes="1" ncloc="44" statements="13" conditionals="2" coveredstatements="0"/>
            <class name="WorkerLoggedInController">
               <metrics coveredelements="0" coveredconditionals="0" complexity="5" coveredmethods="0" methods="4" elements="19" statements="13" conditionals="2" coveredstatements="0"/>
            </class>
            <line complexity="1" visibility="public" signature="setLoggedin(Worker) : void" num="23" count="0" type="method"/>
            <line num="24" count="0" type="stmt"/>
            <line complexity="1" visibility="public" signature="newRegistrationList(List&lt;User&gt;) : void" num="27" count="0" type="method"/>
            <line num="33" count="0" type="stmt"/>
            <line complexity="1" visibility="public" signature="WorkerLoggedInController()" num="36" count="0" type="method"/>
            <line num="37" count="0" type="stmt"/>
            <line complexity="2" visibility="private" signature="getAllUnApprovedUser() : List&lt;User&gt;" num="40" count="0" type="method"/>
            <line num="41" count="0" type="stmt"/>
            <line num="42" count="0" type="stmt"/>
            <line num="43" count="0" type="stmt"/>
            <line num="44" count="0" type="stmt"/>
            <line num="45" count="0" type="stmt"/>
            <line num="47" count="0" type="stmt"/>
            <line num="49" count="0" type="stmt"/>
            <line num="50" count="0" type="stmt"/>
            <line falsecount="0" truecount="0" num="50" type="cond"/>
            <line num="51" count="0" type="stmt"/>
            <line num="54" count="0" type="stmt"/>
         </file>
      </package>
      <package name="modell">
         <metrics coveredelements="0" complexity="16" loc="228" methods="13" classes="6" statements="25" coveredconditionals="0" coveredmethods="0" elements="44" ncloc="146" files="6" conditionals="6" coveredstatements="0"/>
         <file path="C:\Users\Marco\Documents\szoftver_beadando\src\main\java\modell\Account.java" name="Account.java">
            <metrics coveredelements="0" coveredconditionals="0" complexity="0" loc="19" coveredmethods="0" methods="0" elements="0" classes="1" ncloc="12" statements="0" conditionals="0" coveredstatements="0"/>
            <class name="Account">
               <metrics coveredelements="0" coveredconditionals="0" complexity="0" coveredmethods="0" methods="0" elements="0" statements="0" conditionals="0" coveredstatements="0"/>
            </class>
         </file>
         <file path="C:\Users\Marco\Documents\szoftver_beadando\src\main\java\modell\Accounts.java" name="Accounts.java">
            <metrics coveredelements="0" coveredconditionals="0" complexity="2" loc="32" coveredmethods="0" methods="2" elements="4" classes="1" ncloc="15" statements="2" conditionals="0" coveredstatements="0"/>
            <class name="Accounts">
               <metrics coveredelements="0" coveredconditionals="0" complexity="2" coveredmethods="0" methods="2" elements="4" statements="2" conditionals="0" coveredstatements="0"/>
            </class>
            <line complexity="1" visibility="public" signature="getAccounts() : List&lt;Account&gt;" num="19" count="0" type="method"/>
            <line num="20" count="0" type="stmt"/>
            <line complexity="1" visibility="public" signature="setAccounts(List&lt;Account&gt;) : void" num="27" count="0" type="method"/>
            <line num="29" count="0" type="stmt"/>
         </file>
         <file path="C:\Users\Marco\Documents\szoftver_beadando\src\main\java\modell\User.java" name="User.java">
            <metrics coveredelements="0" coveredconditionals="0" complexity="2" loc="43" coveredmethods="0" methods="2" elements="3" classes="1" ncloc="28" statements="1" conditionals="0" coveredstatements="0"/>
            <class name="User">
               <metrics coveredelements="0" coveredconditionals="0" complexity="2" coveredmethods="0" methods="2" elements="3" statements="1" conditionals="0" coveredstatements="0"/>
            </class>
            <line complexity="1" visibility="public" signature="User(int,int,int)" num="36" count="0" type="method"/>
            <line num="37" count="0" type="stmt"/>
            <line complexity="1" visibility="public" signature="User()" num="40" count="0" type="method"/>
         </file>
         <file path="C:\Users\Marco\Documents\szoftver_beadando\src\main\java\modell\Users.java" name="Users.java">
            <metrics coveredelements="0" coveredconditionals="0" complexity="8" loc="66" coveredmethods="0" methods="5" elements="30" classes="1" ncloc="48" statements="19" conditionals="6" coveredstatements="0"/>
            <class name="Users">
               <metrics coveredelements="0" coveredconditionals="0" complexity="8" coveredmethods="0" methods="5" elements="30" statements="19" conditionals="6" coveredstatements="0"/>
            </class>
            <line complexity="1" visibility="public" signature="getUsers() : List&lt;User&gt;" num="22" count="0" type="method"/>
            <line num="23" count="0" type="stmt"/>
            <line complexity="1" visibility="public" signature="setUsers(List&lt;User&gt;) : void" num="26" count="0" type="method"/>
            <line num="28" count="0" type="stmt"/>
            <line complexity="2" visibility="public" signature="newUserId(List&lt;User&gt;) : int" num="35" count="0" type="method"/>
            <line num="36" count="0" type="stmt"/>
            <line num="37" count="0" type="stmt"/>
            <line num="39" count="0" type="stmt"/>
            <line falsecount="0" truecount="0" num="39" type="cond"/>
            <line num="40" count="0" type="stmt"/>
            <line num="43" count="0" type="stmt"/>
            <line complexity="2" visibility="public" signature="generateAccountNumber() : String" num="45" count="0" type="method"/>
            <line num="46" count="0" type="stmt"/>
            <line num="47" count="0" type="stmt"/>
            <line num="48" count="0" type="stmt"/>
            <line num="49" count="0" type="stmt"/>
            <line num="50" count="0" type="stmt"/>
            <line falsecount="0" truecount="0" num="50" type="cond"/>
            <line num="51" count="0" type="stmt"/>
            <line num="53" count="0" type="stmt"/>
            <line num="55" count="0" type="stmt"/>
            <line complexity="2" visibility="private" signature="checkAccountNumber(String) : boolean" num="57" count="0" type="method"/>
            <line num="58" count="0" type="stmt"/>
            <line num="60" count="0" type="stmt"/>
            <line falsecount="0" truecount="0" num="60" type="cond"/>
            <line num="61" count="0" type="stmt"/>
            <line num="64" count="0" type="stmt"/>
         </file>
         <file path="C:\Users\Marco\Documents\szoftver_beadando\src\main\java\modell\Worker.java" name="Worker.java">
            <metrics coveredelements="0" coveredconditionals="0" complexity="2" loc="44" coveredmethods="0" methods="2" elements="3" classes="1" ncloc="28" statements="1" conditionals="0" coveredstatements="0"/>
            <class name="Worker">
               <metrics coveredelements="0" coveredconditionals="0" complexity="2" coveredmethods="0" methods="2" elements="3" statements="1" conditionals="0" coveredstatements="0"/>
            </class>
            <line complexity="1" visibility="public" signature="Worker(int,int,int)" num="37" count="0" type="method"/>
            <line num="38" count="0" type="stmt"/>
            <line complexity="1" visibility="public" signature="Worker()" num="41" count="0" type="method"/>
         </file>
         <file path="C:\Users\Marco\Documents\szoftver_beadando\src\main\java\modell\Workers.java" name="Workers.java">
            <metrics coveredelements="0" coveredconditionals="0" complexity="2" loc="24" coveredmethods="0" methods="2" elements="4" classes="1" ncloc="15" statements="2" conditionals="0" coveredstatements="0"/>
            <class name="Workers">
               <metrics coveredelements="0" coveredconditionals="0" complexity="2" coveredmethods="0" methods="2" elements="4" statements="2" conditionals="0" coveredstatements="0"/>
            </class>
            <line complexity="1" visibility="public" signature="getWorkers() : List&lt;Worker&gt;" num="15" count="0" type="method"/>
            <line num="16" count="0" type="stmt"/>
            <line complexity="1" visibility="public" signature="setWorkers(List&lt;Worker&gt;) : void" num="19" count="0" type="method"/>
            <line num="21" count="0" type="stmt"/>
         </file>
      </package>
      <package name="main">
         <metrics coveredelements="0" complexity="2" loc="33" methods="2" classes="2" statements="6" coveredconditionals="0" coveredmethods="0" elements="8" ncloc="26" files="2" conditionals="0" coveredstatements="0"/>
         <file path="C:\Users\Marco\Documents\szoftver_beadando\src\main\java\main\BankApplication.java" name="BankApplication.java">
            <metrics coveredelements="0" coveredconditionals="0" complexity="1" loc="23" coveredmethods="0" methods="1" elements="6" classes="1" ncloc="18" statements="5" conditionals="0" coveredstatements="0"/>
            <class name="BankApplication">
               <metrics coveredelements="0" coveredconditionals="0" complexity="1" coveredmethods="0" methods="1" elements="6" statements="5" conditionals="0" coveredstatements="0"/>
            </class>
            <line complexity="1" visibility="public" signature="start(Stage) : void" num="14" count="0" type="method"/>
            <line num="16" count="0" type="stmt"/>
            <line num="17" count="0" type="stmt"/>
            <line num="18" count="0" type="stmt"/>
            <line num="19" count="0" type="stmt"/>
            <line num="20" count="0" type="stmt"/>
         </file>
         <file path="C:\Users\Marco\Documents\szoftver_beadando\src\main\java\main\Main.java" name="Main.java">
            <metrics coveredelements="0" coveredconditionals="0" complexity="1" loc="10" coveredmethods="0" methods="1" elements="2" classes="1" ncloc="8" statements="1" conditionals="0" coveredstatements="0"/>
            <class name="Main">
               <metrics coveredelements="0" coveredconditionals="0" complexity="1" coveredmethods="0" methods="1" elements="2" statements="1" conditionals="0" coveredstatements="0"/>
            </class>
            <line complexity="1" visibility="public" signature="main(String[]) : void" num="7" count="0" type="method"/>
            <line num="8" count="0" type="stmt"/>
         </file>
      </package>
   </project>
   <testproject name="bank 1.0" timestamp="0">
      <metrics coveredelements="0" complexity="0" loc="0" methods="0" classes="0" statements="0" packages="0" coveredconditionals="0" coveredmethods="0" elements="0" ncloc="0" files="0" conditionals="0" coveredstatements="0"/>
   </testproject>
</coverage>